Timestamp,Rcvr Temp,PCB Temp,Ext Temp,Power Temp,Hot Cal Tgt Temp,Cold Cal Tgt Temp,Ac,Ah,Bc,Bh,Tc,Th,Num measurements (m),Num frames (f)
2014-11-04 16:47:15.798,294.2,294.1,292.2,294.8,321.4,294.3,-8836,-9363,-8829,-9366,294.3,321.4,5,5,
2014-11-04 16:48:15.983,295.7,294.4,292.2,295.4,322.0,294.1,-8455,-9002,-8451,-8996,294.1,322.0,5,5,
2014-11-04 16:49:15.778,297.1,295.2,292.2,296.0,326.4,294.4,-8305,-8940,-8302,-8920,294.4,326.4,5,5,
2014-11-04 16:50:15.791,298.2,295.9,292.2,296.9,331.6,294.3,-8002,-8743,-7995,-8716,294.3,331.6,5,5,
2014-11-04 16:51:16.054,299.3,296.5,292.2,297.6,337.6,294.3,-7573,-8425,-7574,-8401,294.3,337.6,5,5,
2014-11-04 16:52:16.036,300.2,297.1,292.2,298.5,342.3,294.4,-7032,-7970,-7029,-7949,294.4,342.3,5,5,
2014-11-04 16:53:16.049,301.1,297.6,292.2,299.1,346.0,294.3,-6612,-7633,-6610,-7608,294.3,346.0,5,5,
2014-11-04 16:54:15.860,301.9,298.1,292.2,299.8,348.8,294.5,-6497,-7524,-6494,-7511,294.5,348.8,5,5,
2014-11-04 16:55:16.092,302.6,298.3,292.2,300.4,350.9,294.5,-6397,-7434,-6397,-7417,294.5,350.9,5,5,
2014-11-04 16:56:15.902,303.2,298.6,292.2,301.0,352.4,294.5,-6255,-7299,-6253,-7290,294.5,352.4,5,5,
2014-11-04 16:57:15.931,303.8,298.8,292.2,301.6,353.7,294.8,-6045,-7093,-6043,-7085,294.8,353.7,5,5,
2014-11-04 16:58:16.147,304.4,299.0,292.2,302.0,354.2,294.9,-5813,-6860,-5810,-6854,294.9,354.2,5,5,
2014-11-04 16:59:15.958,305.0,299.2,292.2,302.4,355.3,294.8,-5591,-6641,-5589,-6635,294.8,355.3,5,5,
2014-11-04 17:00:16.174,305.4,299.4,292.2,302.8,356.0,294.9,-5363,-6419,-5364,-6406,294.9,356.0,5,5,
2014-11-04 17:01:16.249,305.9,299.6,292.2,303.1,356.5,294.9,-5146,-6199,-5142,-6190,294.9,356.5,5,5,
2014-11-04 17:02:16.013,306.4,299.8,292.2,303.5,356.7,295.0,-4927,-5979,-4923,-5970,295.0,356.7,5,5,
2014-11-04 17:03:16.214,306.8,299.9,292.2,303.8,357.0,295.2,-4706,-5760,-4707,-5753,295.2,357.0,5,5,
2014-11-04 17:04:16.289,307.2,300.0,292.3,304.1,357.2,295.4,-4508,-5556,-4504,-5552,295.4,357.2,5,5,
2014-11-04 17:05:16.053,307.6,300.1,292.2,304.2,357.3,295.4,-4310,-5354,-4304,-5343,295.4,357.3,5,5,
2014-11-04 17:06:16.332,307.9,300.2,292.2,304.4,357.1,295.3,-4111,-5154,-4109,-5145,295.3,357.1,5,5,
2014-11-04 17:07:16.345,308.2,300.3,292.2,304.6,357.3,295.5,-3932,-4968,-3929,-4961,295.5,357.3,5,5,
2014-11-04 17:08:16.140,308.6,300.3,292.2,304.9,357.6,295.5,-3771,-4802,-3766,-4798,295.5,357.6,5,5,
2014-11-04 17:09:16.200,308.9,300.4,292.2,304.9,357.8,295.5,-3597,-4626,-3592,-4620,295.5,357.8,5,5,
2014-11-04 17:10:16.213,309.2,300.4,292.1,305.2,357.6,295.7,-3444,-4466,-3442,-4464,295.7,357.6,5,5,
2014-11-04 17:11:16.195,309.4,300.5,292.1,305.2,357.6,295.7,-3296,-4317,-3293,-4310,295.7,357.6,5,5,
2014-11-04 17:12:16.443,309.8,300.5,292.2,305.2,357.3,295.9,-3151,-4166,-3148,-4161,295.9,357.3,5,5,
2014-11-04 17:13:16.503,310.0,300.6,292.2,305.5,357.9,295.8,-3007,-4017,-3000,-4010,295.8,357.9,5,5,
2014-11-04 17:14:16.500,310.2,300.7,292.2,305.6,357.7,296.0,-2872,-3879,-2869,-3873,296.0,357.7,5,5,
2014-11-04 17:15:16.280,310.4,300.7,292.2,305.8,357.9,296.0,-2749,-3750,-2745,-3749,296.0,357.9,5,5,
2014-11-04 17:16:16.262,310.7,300.7,292.2,305.9,357.9,296.0,-2618,-3622,-2617,-3613,296.0,357.9,5,5,
2014-11-04 17:17:16.275,310.9,300.8,292.2,305.9,357.8,296.0,-2497,-3500,-2491,-3495,296.0,357.8,5,5,
2014-11-04 17:18:16.320,311.1,300.8,292.2,306.0,357.6,296.1,-2385,-3376,-2379,-3376,296.1,357.6,5,5,
2014-11-04 17:19:16.333,311.2,300.9,292.1,306.1,357.8,296.2,-2274,-3268,-2269,-3262,296.2,357.8,5,5,
2014-11-04 17:20:16.331,311.4,300.8,292.1,306.2,357.9,296.2,-2171,-3160,-2167,-3152,296.2,357.9,5,5,
2014-11-04 17:21:16.391,311.6,300.9,292.2,306.1,357.7,296.2,-2073,-3064,-2068,-3058,296.2,357.7,5,5,
2014-11-04 17:22:16.544,311.8,300.9,292.2,306.2,358.1,296.4,-1973,-2961,-1970,-2959,296.4,358.1,5,5,
2014-11-04 17:23:16.386,312.1,300.9,292.2,306.2,357.9,296.3,-1898,-2884,-1892,-2874,296.3,357.9,5,5,
2014-11-04 17:24:16.540,312.1,300.9,292.2,306.4,357.9,296.4,-1807,-2793,-1802,-2785,296.4,357.9,5,5,
2014-11-04 17:25:16.584,312.4,301.0,292.2,306.4,358.0,296.4,-1731,-2715,-1729,-2710,296.4,358.0,5,5,
2014-11-04 17:26:16.457,312.5,301.1,292.1,306.5,358.1,296.4,-1645,-2626,-1643,-2623,296.4,358.1,5,5,
2014-11-04 17:27:16.658,312.6,301.0,292.2,306.4,357.9,296.4,-1576,-2553,-1572,-2548,296.4,357.9,5,5,
2014-11-04 17:28:16.468,312.7,301.0,292.2,306.5,357.9,296.5,-1509,-2484,-1503,-2478,296.5,357.9,5,5,
2014-11-04 17:29:16.497,312.8,301.1,292.2,306.5,357.7,296.4,-1440,-2412,-1435,-2406,296.4,357.7,5,5,
2014-11-04 17:30:16.542,312.9,301.1,292.2,306.5,358.1,296.6,-1376,-2351,-1371,-2342,296.6,358.1,5,5,
2014-11-04 17:31:16.711,313.1,300.9,292.2,306.4,357.8,296.7,-1325,-2294,-1322,-2288,296.7,357.8,5,5,
2014-11-04 17:32:16.724,313.2,300.9,292.2,306.4,357.6,296.6,-1270,-2236,-1266,-2232,296.6,357.6,5,5,
2014-11-04 17:33:16.753,313.2,301.0,292.2,306.4,358.1,296.6,-1222,-2185,-1219,-2181,296.6,358.1,5,5,
2014-11-04 17:34:16.564,313.3,301.0,292.2,306.4,357.5,296.6,-1172,-2133,-1168,-2128,296.6,357.5,5,5,
2014-11-04 17:35:16.686,313.5,300.9,292.2,306.5,357.4,296.6,-1125,-2084,-1121,-2079,296.6,357.4,5,5,
2014-11-04 17:36:16.762,313.5,301.2,292.2,306.6,357.8,296.7,-1074,-2039,-1070,-2030,296.7,357.8,5,5,
2014-11-04 17:37:16.557,313.4,301.1,292.1,306.6,357.7,296.8,-1030,-1989,-1026,-1982,296.8,357.7,5,5,
2014-11-04 17:38:16.555,313.6,301.1,292.2,306.6,357.2,296.7,-983,-1939,-978,-1933,296.7,357.2,5,5,
2014-11-04 17:39:16.630,313.7,301.2,292.1,306.7,357.8,296.5,-939,-1894,-935,-1887,296.5,357.8,5,5,
2014-11-04 17:40:16.644,313.8,301.1,292.2,306.7,357.5,296.8,-892,-1852,-892,-1848,296.8,357.5,5,5,
2014-11-04 17:41:16.860,313.8,301.1,292.1,306.8,357.9,296.7,-859,-1805,-852,-1805,296.7,357.9,5,5,
2014-11-04 17:42:16.842,313.9,301.2,292.1,306.7,357.8,296.7,-819,-1775,-815,-1771,296.7,357.8,5,5,
2014-11-04 17:43:16.637,314.1,301.2,292.1,306.8,357.6,296.9,-777,-1731,-773,-1726,296.9,357.6,5,5,
2014-11-04 17:44:16.868,314.1,301.2,292.2,306.8,357.8,296.8,-747,-1701,-741,-1697,296.8,357.8,5,5,
2014-11-04 17:45:16.616,314.1,301.2,292.1,306.9,357.9,296.7,-712,-1666,-710,-1660,296.7,357.9,5,5,
2014-11-04 17:46:16.614,314.2,301.2,292.2,306.8,358.4,296.8,-686,-1638,-682,-1634,296.8,358.4,5,5,
2014-11-04 17:47:16.908,314.2,301.1,292.2,306.7,358.3,296.7,-665,-1622,-663,-1615,296.7,358.3,5,5,
2014-11-04 17:48:18.794,314.3,301.2,292.1,306.6,357.4,296.9,-641,-1591,-636,-1588,296.9,358.0,5,5,
2014-11-04 17:49:16.951,314.3,301.1,292.2,306.7,357.8,297.0,-616,-1570,-613,-1562,297.0,357.8,5,5,
2014-11-04 17:50:17.042,314.4,301.1,292.1,306.8,357.6,296.8,-593,-1541,-591,-1535,296.8,357.6,5,5,
2014-11-04 17:51:17.024,314.4,301.1,292.1,306.8,357.5,296.8,-566,-1510,-564,-1507,296.8,357.5,5,5,
2014-11-04 17:52:16.819,314.4,301.2,292.1,306.8,357.7,296.7,-545,-1494,-542,-1492,296.7,357.7,5,5,
2014-11-04 17:53:17.051,314.4,301.1,292.1,306.9,358.0,296.7,-526,-1478,-522,-1476,296.7,358.0,5,5,
2014-11-04 17:54:16.845,314.5,301.1,292.1,306.9,358.0,296.7,-508,-1461,-505,-1458,296.7,358.0,5,5,
2014-11-04 17:55:16.796,314.5,301.2,292.1,306.9,357.9,296.7,-493,-1438,-490,-1438,296.7,357.9,5,5,
2014-11-04 17:56:17.075,314.5,301.2,292.1,306.9,357.9,296.8,-464,-1416,-460,-1411,296.8,357.9,5,5,
2014-11-04 17:57:17.026,314.6,301.2,292.1,306.9,357.7,296.7,-444,-1388,-437,-1384,296.7,357.7,5,5,
2014-11-04 17:58:16.899,314.6,301.2,292.1,306.9,357.8,296.8,-425,-1368,-420,-1365,296.8,357.8,5,5,
2014-11-04 17:59:16.928,314.7,301.4,292.1,306.8,357.3,297.0,-400,-1342,-395,-1336,297.0,357.3,5,5,
2014-11-04 18:00:17.034,314.8,301.6,292.0,306.6,357.7,296.9,-371,-1314,-368,-1311,296.9,357.7,5,5,
2014-11-04 18:01:16.876,314.8,301.4,292.1,306.6,357.8,296.9,-340,-1285,-339,-1280,296.9,357.8,5,5,
2014-11-04 18:02:17.155,314.8,301.4,292.1,306.7,358.0,296.9,-324,-1267,-318,-1262,296.9,358.0,5,5,
2014-11-04 18:03:17.121,314.8,301.2,292.0,306.8,357.9,296.8,-300,-1244,-298,-1240,296.8,357.9,5,5,
